-------------------------------------------------------------------------------------------
      name:  stage1
       log:  C:\Users\CHENY\Documents\GitHub\thesis-bank/results/stage1_results.log
  log type:  text
 opened on:  21 Nov 2025, 20:23:34

. 
. *------------------------------------------------------
. * 4. Stage-1 regression
. *
. * Bank FE: absorbed via absorb(bank_id)
. * Quarter FE: i.qdate
. * Deposit-weighted region×quarter controls:
. *   c.<region_share>#i.qdate, with PC omitted to avoid perfect collinearity
. *------------------------------------------------------
. reghdfe d_interest_rate_on_deposit ///
>         zS_dffr zR_dffr zH_dffr ///
>         i.qdate ///
>         c.ne#i.qdate c.ma#i.qdate c.ec#i.qdate c.wc#i.qdate ///
>         c.sa#i.qdate c.es#i.qdate c.ws#i.qdate c.mt#i.qdate ///
>         if sample_stage1 & is_commercial_bank == 1, ///
>         absorb(bankid) ///
>         cluster(bankid)
(dropped 26 singleton observations)
(MWFE estimator converged in 1 iterations)
note: 254.qdate#c.ne omitted because of collinearity
note: 254.qdate#c.ma omitted because of collinearity
note: 254.qdate#c.ec omitted because of collinearity
note: 254.qdate#c.wc omitted because of collinearity
note: 254.qdate#c.sa omitted because of collinearity
note: 254.qdate#c.es omitted because of collinearity
note: 254.qdate#c.ws omitted because of collinearity
note: 254.qdate#c.mt omitted because of collinearity

HDFE Linear regression                            Number of obs   =     28,556
Absorbing 1 HDFE group                            F(  57,   4173) =     336.12
Statistics robust to heteroskedasticity           Prob > F        =     0.0000
                                                  R-squared       =     0.6158
                                                  Adj R-squared   =     0.5490
                                                  Within R-sq.    =     0.4970
Number of clusters (bankid)  =      4,174         Root MSE        =     0.0015

                             (Std. err. adjusted for 4,174 clusters in bankid)
------------------------------------------------------------------------------
             |               Robust
d_interest~t | Coefficient  std. err.      t    P>|t|     [95% conf. interval]
-------------+----------------------------------------------------------------
     zS_dffr |   .0001592    .000028     5.69   0.000     .0001044     .000214
     zR_dffr |   -.000502   .0007299    -0.69   0.492     -.001933     .000929
     zH_dffr |   .0000254   .0000204     1.25   0.212    -.0000145    .0000654
             |
       qdate |
        249  |   .0002008   .0000678     2.96   0.003     .0000679    .0003337
        250  |   .0015246   .0001756     8.68   0.000     .0011802    .0018689
        251  |   .0033402   .0002492    13.40   0.000     .0028516    .0038289
        252  |   .0039935   .0002331    17.13   0.000     .0035364    .0044505
        253  |   .0036328   .0002467    14.73   0.000     .0031491    .0041164
        254  |    .002903   .0001407    20.64   0.000     .0026272    .0031788
             |
  qdate#c.ne |
        248  |  -.0000216   .0002177    -0.10   0.921    -.0004484    .0004052
        249  |  -.0000372   .0002323    -0.16   0.873    -.0004926    .0004182
        250  |  -.0002277   .0003549    -0.64   0.521    -.0009235     .000468
        251  |  -.0004816    .000462    -1.04   0.297    -.0013873    .0004241
        252  |   .0000919   .0003856     0.24   0.812    -.0006642    .0008479
        253  |   .0005369   .0003337     1.61   0.108    -.0001174    .0011911
        254  |          0  (omitted)
             |
  qdate#c.ma |
        248  |  -.0001504   .0002135    -0.70   0.481    -.0005689    .0002682
        249  |   .0000431   .0002024     0.21   0.831    -.0003536    .0004399
        250  |   .0003796   .0002543     1.49   0.136    -.0001189    .0008781
        251  |   .0004045   .0003306     1.22   0.221    -.0002436    .0010526
        252  |  -3.23e-07   .0002849    -0.00   0.999    -.0005588    .0005581
        253  |    .000064   .0003185     0.20   0.841    -.0005604    .0006885
        254  |          0  (omitted)
             |
  qdate#c.ec |
        248  |   .0001051   .0001559     0.67   0.500    -.0002004    .0004107
        249  |   .0002315   .0001563     1.48   0.139    -.0000749    .0005379
        250  |  -.0001859    .000193    -0.96   0.335    -.0005644    .0001925
        251  |  -.0006619   .0002508    -2.64   0.008    -.0011537   -.0001701
        252  |    -.00059   .0002299    -2.57   0.010    -.0010407   -.0001393
        253  |  -.0002747   .0002656    -1.03   0.301    -.0007954     .000246
        254  |          0  (omitted)
             |
  qdate#c.wc |
        248  |   .0000127   .0001521     0.08   0.934    -.0002856     .000311
        249  |   .0001392   .0001528     0.91   0.362    -.0001603    .0004387
        250  |   -.000217   .0001881    -1.15   0.249    -.0005858    .0001517
        251  |   -.000617   .0002463    -2.51   0.012    -.0010999   -.0001342
        252  |  -.0007773   .0002252    -3.45   0.001    -.0012187   -.0003358
        253  |  -.0003579   .0002614    -1.37   0.171    -.0008703    .0001545
        254  |          0  (omitted)
             |
  qdate#c.sa |
        248  |  -.0001368   .0001704    -0.80   0.422     -.000471    .0001973
        249  |   .0000273   .0001744     0.16   0.875    -.0003145    .0003692
        250  |  -.0002594   .0002176    -1.19   0.233     -.000686    .0001671
        251  |  -.0007372   .0002738    -2.69   0.007    -.0012741   -.0002004
        252  |  -.0007965   .0002489    -3.20   0.001    -.0012845   -.0003085
        253  |   .0000299   .0002786     0.11   0.914    -.0005164    .0005762
        254  |          0  (omitted)
             |
  qdate#c.es |
        248  |  -.0003499   .0001667    -2.10   0.036    -.0006768   -.0000231
        249  |  -.0000544   .0001759    -0.31   0.757    -.0003992    .0002904
        250  |  -.0005236   .0002117    -2.47   0.013    -.0009387   -.0001085
        251  |  -.0008044   .0002726    -2.95   0.003    -.0013388   -.0002699
        252  |  -.0005887   .0002468    -2.39   0.017    -.0010726   -.0001048
        253  |  -.0005188   .0002737    -1.90   0.058    -.0010555    .0000179
        254  |          0  (omitted)
             |
  qdate#c.ws |
        248  |  -.0000924   .0001605    -0.58   0.565    -.0004072    .0002223
        249  |   .0001614   .0001656     0.97   0.330    -.0001633    .0004861
        250  |   .0000264   .0002062     0.13   0.898    -.0003779    .0004307
        251  |   -.000516    .000257    -2.01   0.045    -.0010199   -.0000121
        252  |  -.0004335   .0002338    -1.85   0.064    -.0008918    .0000248
        253  |  -.0002731    .000267    -1.02   0.306    -.0007965    .0002504
        254  |          0  (omitted)
             |
  qdate#c.mt |
        248  |  -.0000319   .0001933    -0.17   0.869    -.0004109    .0003471
        249  |   .0001092   .0001909     0.57   0.567    -.0002651    .0004835
        250  |   .0001153   .0002677     0.43   0.667    -.0004096    .0006403
        251  |  -.0006997    .000313    -2.24   0.025    -.0013133   -.0000861
        252  |  -.0010885   .0002697    -4.04   0.000    -.0016174   -.0005597
        253  |  -.0000356    .000301    -0.12   0.906    -.0006256    .0005545
        254  |          0  (omitted)
             |
       _cons |  -.0001808   .0001395    -1.30   0.195    -.0004543    .0000927
------------------------------------------------------------------------------

Absorbed degrees of freedom:
-----------------------------------------------------+
 Absorbed FE | Categories  - Redundant  = Num. Coefs |
-------------+---------------------------------------|
      bankid |      4174        4174           0    *|
-----------------------------------------------------+
* = FE nested within cluster; treated as redundant for DoF computation

. 
. * Test joint significance of the three policy–exposure interactions
. test zS_dffr zR_dffr zH_dffr

 ( 1)  zS_dffr = 0
 ( 2)  zR_dffr = 0
 ( 3)  zH_dffr = 0

       F(  3,  4173) =   12.19
            Prob > F =    0.0000

. 
. *------------------------------------------------------
. * 5. Subsample regressions by size (large_bank)
. *------------------------------------------------------
. * Large banks (large_bank == 1)
. reghdfe d_interest_rate_on_deposit ///
>         zS_dffr zR_dffr zH_dffr ///
>         i.qdate ///
>         c.ne#i.qdate c.ma#i.qdate c.ec#i.qdate c.wc#i.qdate ///
>         c.sa#i.qdate c.es#i.qdate c.ws#i.qdate c.mt#i.qdate ///
>         if sample_stage1 & is_commercial_bank == 1 & large_bank == 1 , ///
>         absorb(bankid) ///
>         cluster(bankid)
(dropped 6 singleton observations)
(MWFE estimator converged in 1 iterations)
note: 254.qdate#c.ne omitted because of collinearity
note: 254.qdate#c.ma omitted because of collinearity
note: 254.qdate#c.ec omitted because of collinearity
note: 254.qdate#c.wc omitted because of collinearity
note: 254.qdate#c.sa omitted because of collinearity
note: 254.qdate#c.es omitted because of collinearity
note: 254.qdate#c.ws omitted because of collinearity
note: 254.qdate#c.mt omitted because of collinearity

HDFE Linear regression                            Number of obs   =      5,316
Absorbing 1 HDFE group                            F(  57,    782) =     128.04
Statistics robust to heteroskedasticity           Prob > F        =     0.0000
                                                  R-squared       =     0.6445
                                                  Adj R-squared   =     0.5779
                                                  Within R-sq.    =     0.5406
Number of clusters (bankid)  =        783         Root MSE        =     0.0017

                               (Std. err. adjusted for 783 clusters in bankid)
------------------------------------------------------------------------------
             |               Robust
d_interest~t | Coefficient  std. err.      t    P>|t|     [95% conf. interval]
-------------+----------------------------------------------------------------
     zS_dffr |   .0001145   .0001047     1.09   0.274     -.000091    .0003201
     zR_dffr |  -.0338921   .0098268    -3.45   0.001    -.0531821   -.0146022
     zH_dffr |   .0000882   .0000742     1.19   0.235    -.0000575    .0002339
             |
       qdate |
        249  |  -.0019641   .0005605    -3.50   0.000    -.0030645   -.0008638
        250  |  -.0011223   .0007118    -1.58   0.115    -.0025196    .0002751
        251  |   .0012585   .0006407     1.96   0.050     8.51e-07    .0025162
        252  |    .002997   .0003153     9.50   0.000      .002378    .0036159
        253  |   .0033582     .00049     6.85   0.000     .0023962    .0043201
        254  |   .0026113   .0001576    16.57   0.000     .0023019    .0029207
             |
  qdate#c.ne |
        248  |   -.000272   .0002768    -0.98   0.326    -.0008153    .0002712
        249  |  -.0000525   .0002967    -0.18   0.860    -.0006348    .0005299
        250  |   1.02e-06   .0004844     0.00   0.998    -.0009498    .0009519
        251  |   .0002917   .0006246     0.47   0.641    -.0009344    .0015178
        252  |   .0011216   .0005044     2.22   0.026     .0001314    .0021117
        253  |   .0006018   .0005653     1.06   0.287    -.0005078    .0017115
        254  |          0  (omitted)
             |
  qdate#c.ma |
        248  |   -.000958    .000253    -3.79   0.000    -.0014546   -.0004614
        249  |  -.0004326   .0002431    -1.78   0.076    -.0009099    .0000446
        250  |   .0003028   .0003856     0.79   0.432    -.0004541    .0010598
        251  |   .0006126   .0004794     1.28   0.202    -.0003284    .0015537
        252  |   .0000479   .0003423     0.14   0.889    -.0006241    .0007199
        253  |  -.0001217   .0005415    -0.22   0.822    -.0011846    .0009413
        254  |          0  (omitted)
             |
  qdate#c.ec |
        248  |  -.0007899   .0002045    -3.86   0.000    -.0011913   -.0003885
        249  |  -.0002584   .0002189    -1.18   0.238    -.0006881    .0001712
        250  |   .0001223   .0003291     0.37   0.710    -.0005236    .0007683
        251  |  -.0000661    .000409    -0.16   0.872    -.0008689    .0007368
        252  |   .0001737   .0003173     0.55   0.584    -.0004491    .0007964
        253  |  -.0001871   .0005181    -0.36   0.718    -.0012042      .00083
        254  |          0  (omitted)
             |
  qdate#c.wc |
        248  |  -.0008281   .0002299    -3.60   0.000    -.0012794   -.0003768
        249  |   -.000191   .0002457    -0.78   0.437    -.0006733    .0002914
        250  |   .0002418    .000347     0.70   0.486    -.0004393    .0009229
        251  |   .0004203   .0004199     1.00   0.317    -.0004038    .0012445
        252  |  -.0001302   .0003216    -0.40   0.686    -.0007616    .0005012
        253  |   .0000612   .0005456     0.11   0.911    -.0010098    .0011323
        254  |          0  (omitted)
             |
  qdate#c.sa |
        248  |  -.0009313   .0002605    -3.57   0.000    -.0014426   -.0004199
        249  |  -.0004667   .0002907    -1.61   0.109    -.0010373    .0001039
        250  |  -.0000603   .0004014    -0.15   0.881    -.0008483    .0007277
        251  |  -.0002578   .0004717    -0.55   0.585    -.0011837    .0006681
        252  |  -.0002115   .0003955    -0.53   0.593    -.0009878    .0005648
        253  |   .0004601   .0005467     0.84   0.400     -.000613    .0015332
        254  |          0  (omitted)
             |
  qdate#c.es |
        248  |  -.0007321   .0002714    -2.70   0.007    -.0012649   -.0001993
        249  |   .0000159   .0003179     0.05   0.960     -.000608    .0006399
        250  |  -.0001767    .000401    -0.44   0.660    -.0009638    .0006105
        251  |  -.0002817   .0004965    -0.57   0.571    -.0012564     .000693
        252  |    .000214   .0004055     0.53   0.598    -.0005819      .00101
        253  |  -.0000409    .000598    -0.07   0.945    -.0012149     .001133
        254  |          0  (omitted)
             |
  qdate#c.ws |
        248  |  -.0008248   .0002217    -3.72   0.000      -.00126   -.0003896
        249  |  -.0000506   .0002744    -0.18   0.854    -.0005893    .0004881
        250  |   .0006104   .0004491     1.36   0.174    -.0002712     .001492
        251  |   .0000213   .0004476     0.05   0.962    -.0008573    .0008999
        252  |    .000014   .0003458     0.04   0.968    -.0006647    .0006927
        253  |  -.0004745   .0005346    -0.89   0.375    -.0015241     .000575
        254  |          0  (omitted)
             |
  qdate#c.mt |
        248  |  -.0011398   .0003674    -3.10   0.002    -.0018611   -.0004185
        249  |   -.000574   .0003812    -1.51   0.133    -.0013224    .0001743
        250  |   .0008587   .0007494     1.15   0.252    -.0006123    .0023297
        251  |   .0000888   .0007318     0.12   0.903    -.0013477    .0015253
        252  |  -.0008106   .0004615    -1.76   0.079    -.0017165    .0000954
        253  |   .0002256   .0006965     0.32   0.746    -.0011417     .001593
        254  |          0  (omitted)
             |
       _cons |   .0000511   .0002068     0.25   0.805     -.000355    .0004571
------------------------------------------------------------------------------

Absorbed degrees of freedom:
-----------------------------------------------------+
 Absorbed FE | Categories  - Redundant  = Num. Coefs |
-------------+---------------------------------------|
      bankid |       783         783           0    *|
-----------------------------------------------------+
* = FE nested within cluster; treated as redundant for DoF computation

. test zS_dffr zR_dffr zH_dffr

 ( 1)  zS_dffr = 0
 ( 2)  zR_dffr = 0
 ( 3)  zH_dffr = 0

       F(  3,   782) =   10.39
            Prob > F =    0.0000

. 
. * Small banks (large_bank == 0)
. reghdfe d_interest_rate_on_deposit ///
>         zS_dffr zR_dffr zH_dffr ///
>         i.qdate ///
>         c.ne#i.qdate c.ma#i.qdate c.ec#i.qdate c.wc#i.qdate ///
>         c.sa#i.qdate c.es#i.qdate c.ws#i.qdate c.mt#i.qdate ///
>         if sample_stage1 & is_commercial_bank == 1 & large_bank == 0, ///
>         absorb(bankid) ///
>         cluster(bankid)
(dropped 20 singleton observations)
(MWFE estimator converged in 1 iterations)
note: 254.qdate#c.ne omitted because of collinearity
note: 254.qdate#c.ma omitted because of collinearity
note: 254.qdate#c.ec omitted because of collinearity
note: 254.qdate#c.wc omitted because of collinearity
note: 254.qdate#c.sa omitted because of collinearity
note: 254.qdate#c.es omitted because of collinearity
note: 254.qdate#c.ws omitted because of collinearity
note: 254.qdate#c.mt omitted because of collinearity

HDFE Linear regression                            Number of obs   =     23,240
Absorbing 1 HDFE group                            F(  57,   3390) =     259.18
Statistics robust to heteroskedasticity           Prob > F        =     0.0000
                                                  R-squared       =     0.6094
                                                  Adj R-squared   =     0.5414
                                                  Within R-sq.    =     0.4998
Number of clusters (bankid)  =      3,391         Root MSE        =     0.0014

                             (Std. err. adjusted for 3,391 clusters in bankid)
------------------------------------------------------------------------------
             |               Robust
d_interest~t | Coefficient  std. err.      t    P>|t|     [95% conf. interval]
-------------+----------------------------------------------------------------
     zS_dffr |   .0000744   .0000279     2.67   0.008     .0000197     .000129
     zR_dffr |  -.0003191   .0007225    -0.44   0.659    -.0017357    .0010974
     zH_dffr |   .0000147   .0000195     0.75   0.451    -.0000236     .000053
             |
       qdate |
        249  |   .0003475    .000088     3.95   0.000     .0001751      .00052
        250  |   .0015885   .0002118     7.50   0.000     .0011733    .0020037
        251  |   .0033259    .000311    10.69   0.000     .0027161    .0039357
        252  |   .0043547   .0003501    12.44   0.000     .0036682    .0050412
        253  |   .0038032   .0001963    19.37   0.000     .0034184    .0041881
        254  |   .0030902   .0002178    14.19   0.000     .0026632    .0035172
             |
  qdate#c.ne |
        248  |   .0001174   .0003238     0.36   0.717    -.0005175    .0007523
        249  |   .0000507   .0003432     0.15   0.883    -.0006222    .0007236
        250  |  -.0003184   .0004818    -0.66   0.509     -.001263    .0006261
        251  |  -.0012149   .0006225    -1.95   0.051    -.0024353    5.65e-06
        252  |  -.0009313   .0005284    -1.76   0.078    -.0019673    .0001047
        253  |   .0004697    .000395     1.19   0.235    -.0003048    .0012443
        254  |          0  (omitted)
             |
  qdate#c.ma |
        248  |    .000458   .0003149     1.45   0.146    -.0001595    .0010754
        249  |   .0004595   .0003027     1.52   0.129     -.000134     .001053
        250  |   .0005172   .0003249     1.59   0.111    -.0001197    .0011541
        251  |   .0002972   .0004406     0.67   0.500    -.0005667    .0011611
        252  |  -.0000464   .0004311    -0.11   0.914    -.0008917    .0007989
        253  |   .0002055   .0003677     0.56   0.576    -.0005155    .0009264
        254  |          0  (omitted)
             |
  qdate#c.ec |
        248  |   .0004141   .0002302     1.80   0.072    -.0000372    .0008654
        249  |   .0003838   .0002313     1.66   0.097    -.0000696    .0008373
        250  |  -.0001042   .0002393    -0.44   0.663    -.0005734    .0003649
        251  |  -.0005843   .0003264    -1.79   0.074    -.0012242    .0000557
        252  |  -.0008624   .0003416    -2.52   0.012    -.0015322   -.0001927
        253  |  -.0002802   .0002436    -1.15   0.250    -.0007578    .0001974
        254  |          0  (omitted)
             |
  qdate#c.wc |
        248  |   .0002511   .0002261     1.11   0.267    -.0001923    .0006944
        249  |   .0002327   .0002273     1.02   0.306    -.0002129    .0006783
        250  |  -.0001122   .0002341    -0.48   0.632    -.0005711    .0003468
        251  |  -.0005025   .0003218    -1.56   0.119    -.0011335    .0001285
        252  |  -.0009852   .0003372    -2.92   0.004    -.0016462   -.0003241
        253  |  -.0003809   .0002368    -1.61   0.108    -.0008452    .0000834
        254  |          0  (omitted)
             |
  qdate#c.sa |
        248  |   .0002099   .0002424     0.87   0.386    -.0002653    .0006852
        249  |   .0001491   .0002462     0.61   0.545    -.0003336    .0006319
        250  |  -.0002838   .0002641    -1.07   0.283    -.0008015     .000234
        251  |  -.0007791    .000349    -2.23   0.026    -.0014632   -.0000949
        252  |  -.0010832   .0003568    -3.04   0.002    -.0017827   -.0003836
        253  |   -.000072    .000261    -0.28   0.783    -.0005839    .0004398
        254  |          0  (omitted)
             |
  qdate#c.es |
        248  |  -.0001394   .0002387    -0.58   0.559    -.0006074    .0003286
        249  |  -.0000728   .0002473    -0.29   0.768    -.0005577    .0004121
        250  |  -.0005281   .0002594    -2.04   0.042    -.0010367   -.0000194
        251  |  -.0007674   .0003485    -2.20   0.028    -.0014508    -.000084
        252  |  -.0008755   .0003548    -2.47   0.014    -.0015711   -.0001799
        253  |  -.0005859   .0002507    -2.34   0.019    -.0010774   -.0000944
        254  |          0  (omitted)
             |
  qdate#c.ws |
        248  |   .0001778   .0002341     0.76   0.448    -.0002813    .0006369
        249  |   .0001917   .0002391     0.80   0.423     -.000277    .0006604
        250  |  -.0000236   .0002483    -0.10   0.924    -.0005105    .0004632
        251  |  -.0004871   .0003332    -1.46   0.144    -.0011403    .0001661
        252  |  -.0006592   .0003445    -1.91   0.056    -.0013346    .0000162
        253  |  -.0002243   .0002444    -0.92   0.359    -.0007034    .0002548
        254  |          0  (omitted)
             |
  qdate#c.mt |
        248  |   .0003905   .0002586     1.51   0.131    -.0001165    .0008976
        249  |   .0003062    .000257     1.19   0.234    -.0001977    .0008102
        250  |  -.0000157   .0002782    -0.06   0.955    -.0005612    .0005297
        251  |  -.0007802   .0003675    -2.12   0.034    -.0015007   -.0000597
        252  |  -.0012809    .000375    -3.42   0.001    -.0020161   -.0005457
        253  |   -.000089   .0002774    -0.32   0.749    -.0006329     .000455
        254  |          0  (omitted)
             |
       _cons |  -.0004689   .0002158    -2.17   0.030     -.000892   -.0000459
------------------------------------------------------------------------------

Absorbed degrees of freedom:
-----------------------------------------------------+
 Absorbed FE | Categories  - Redundant  = Num. Coefs |
-------------+---------------------------------------|
      bankid |      3391        3391           0    *|
-----------------------------------------------------+
* = FE nested within cluster; treated as redundant for DoF computation

. test zS_dffr zR_dffr zH_dffr

 ( 1)  zS_dffr = 0
 ( 2)  zR_dffr = 0
 ( 3)  zH_dffr = 0

       F(  3,  3390) =    2.63
            Prob > F =    0.0486

. 
. *------------------------------------------------------
. * 4. Stage-1 regression
. *
. * Bank FE: absorbed via absorb(bank_id)
. * Quarter FE: i.qdate
. * Deposit-weighted region×quarter controls:
. *   c.<region_share>#i.qdate, with PC omitted to avoid perfect collinearity
. *------------------------------------------------------
. reghdfe d_average_interest_bearing_depos ///
>         zS_dffr zR_dffr zH_dffr ///
>         i.qdate ///
>         c.ne#i.qdate c.ma#i.qdate c.ec#i.qdate c.wc#i.qdate ///
>         c.sa#i.qdate c.es#i.qdate c.ws#i.qdate c.mt#i.qdate ///
>         if sample_stage1 & is_commercial_bank == 1, ///
>         absorb(bankid) ///
>         cluster(bankid)
(dropped 26 singleton observations)
(MWFE estimator converged in 1 iterations)
note: 254.qdate#c.ne omitted because of collinearity
note: 254.qdate#c.ma omitted because of collinearity
note: 254.qdate#c.ec omitted because of collinearity
note: 254.qdate#c.wc omitted because of collinearity
note: 254.qdate#c.sa omitted because of collinearity
note: 254.qdate#c.es omitted because of collinearity
note: 254.qdate#c.ws omitted because of collinearity
note: 254.qdate#c.mt omitted because of collinearity

HDFE Linear regression                            Number of obs   =     28,553
Absorbing 1 HDFE group                            F(  57,   4173) =       7.56
Statistics robust to heteroskedasticity           Prob > F        =     0.0000
                                                  R-squared       =     0.2328
                                                  Adj R-squared   =     0.0993
                                                  Within R-sq.    =     0.0085
Number of clusters (bankid)  =      4,174         Root MSE        =     0.1922

                             (Std. err. adjusted for 4,174 clusters in bankid)
------------------------------------------------------------------------------
             |               Robust
d_average_~s | Coefficient  std. err.      t    P>|t|     [95% conf. interval]
-------------+----------------------------------------------------------------
     zS_dffr |   .0070813   .0029462     2.40   0.016     .0013052    .0128573
     zR_dffr |  -.0032355    .005972    -0.54   0.588    -.0149438    .0084728
     zH_dffr |   .0003569   .0014067     0.25   0.800    -.0024009    .0031147
             |
       qdate |
        249  |  -.0929407    .062445    -1.49   0.137    -.2153661    .0294846
        250  |    .001454   .0961403     0.02   0.988    -.1870322    .1899402
        251  |  -.1202179   .0761125    -1.58   0.114    -.2694389    .0290031
        252  |  -.0857219   .0684748    -1.25   0.211     -.219969    .0485251
        253  |  -.1122219   .0795009    -1.41   0.158     -.268086    .0436422
        254  |  -.0695033   .0696406    -1.00   0.318     -.206036    .0670294
             |
  qdate#c.ne |
        248  |  -.0508531   .0716435    -0.71   0.478    -.1913125    .0896064
        249  |  -.0067504   .0174205    -0.39   0.698    -.0409039     .027403
        250  |  -.0859935   .0720314    -1.19   0.233    -.2272134    .0552263
        251  |   .0681168   .0430938     1.58   0.114    -.0163701    .1526036
        252  |   .0151437    .015276     0.99   0.322    -.0148054    .0450928
        253  |   .0298798   .0415042     0.72   0.472    -.0514905    .1112501
        254  |          0  (omitted)
             |
  qdate#c.ma |
        248  |  -.0629728   .0721225    -0.87   0.383    -.2043713    .0784258
        249  |  -.0238834   .0161727    -1.48   0.140    -.0555906    .0078237
        250  |  -.0858056   .0728327    -1.18   0.239    -.2285965    .0569854
        251  |   .0219351   .0344922     0.64   0.525    -.0456879    .0895581
        252  |   .0257655   .0137605     1.87   0.061    -.0012123    .0527434
        253  |   .0084118    .041596     0.20   0.840    -.0731384    .0899621
        254  |          0  (omitted)
             |
  qdate#c.ec |
        248  |    -.06731   .0702011    -0.96   0.338    -.2049415    .0703215
        249  |  -.0081737   .0141002    -0.58   0.562    -.0358176    .0194702
        250  |  -.0955611   .0707811    -1.35   0.177    -.2343297    .0432074
        251  |   .0362162   .0380542     0.95   0.341    -.0383904    .1108227
        252  |     .01183   .0128918     0.92   0.359    -.0134447    .0371048
        253  |   .0200188   .0408817     0.49   0.624    -.0601311    .1001687
        254  |          0  (omitted)
             |
  qdate#c.wc |
        248  |  -.0370634    .069752    -0.53   0.595    -.1738143    .0996876
        249  |   .0239095   .0130238     1.84   0.066    -.0016241    .0494432
        250  |  -.0769903   .0703968    -1.09   0.274    -.2150056    .0610249
        251  |   .0509361   .0335371     1.52   0.129    -.0148145    .1166867
        252  |   .0368682   .0109287     3.37   0.001     .0154421    .0582944
        253  |   .0374041   .0400797     0.93   0.351    -.0411736    .1159817
        254  |          0  (omitted)
             |
  qdate#c.sa |
        248  |  -.0464727   .0702329    -0.66   0.508    -.1841665    .0912211
        249  |   .0188142   .0139167     1.35   0.176      -.00847    .0460983
        250  |  -.0777893   .0705516    -1.10   0.270    -.2161081    .0605295
        251  |   .0636603   .0348415     1.83   0.068    -.0046477    .1319683
        252  |   .0206012   .0118555     1.74   0.082    -.0026419    .0438443
        253  |   .0384613   .0405564     0.95   0.343    -.0410507    .1179734
        254  |          0  (omitted)
             |
  qdate#c.es |
        248  |   -.058863   .0698778    -0.84   0.400    -.1958607    .0781347
        249  |   .0140799   .0137454     1.02   0.306    -.0128683    .0410282
        250  |  -.0832375   .0697063    -1.19   0.233    -.2198989     .053424
        251  |   .0488868   .0351777     1.39   0.165    -.0200802    .1178537
        252  |   .0213673   .0110336     1.94   0.053    -.0002643     .042999
        253  |   .0234886   .0402106     0.58   0.559    -.0553456    .1023229
        254  |          0  (omitted)
             |
  qdate#c.ws |
        248  |  -.0339786   .0719635    -0.47   0.637    -.1750654    .1071081
        249  |   .0159402   .0130354     1.22   0.221    -.0096162    .0414965
        250  |  -.0780288   .0699027    -1.12   0.264    -.2150754    .0590178
        251  |   .0588574   .0344382     1.71   0.088    -.0086599    .1263746
        252  |   .0249446    .010503     2.37   0.018      .004353    .0455361
        253  |   .0379161   .0404076     0.94   0.348    -.0413044    .1171366
        254  |          0  (omitted)
             |
  qdate#c.mt |
        248  |  -.0723641   .0720917    -1.00   0.316    -.2137022     .068974
        249  |   .0043806    .020511     0.21   0.831    -.0358318    .0445931
        250  |  -.0900118   .0727777    -1.24   0.216    -.2326948    .0526712
        251  |   .0108461   .0371932     0.29   0.771    -.0620723    .0837645
        252  |  -.0114294   .0174474    -0.66   0.512    -.0456355    .0227768
        253  |   .0086927   .0439261     0.20   0.843    -.0774258    .0948112
        254  |          0  (omitted)
             |
       _cons |   .0899411   .0691287     1.30   0.193     -.045588    .2254702
------------------------------------------------------------------------------

Absorbed degrees of freedom:
-----------------------------------------------------+
 Absorbed FE | Categories  - Redundant  = Num. Coefs |
-------------+---------------------------------------|
      bankid |      4174        4174           0    *|
-----------------------------------------------------+
* = FE nested within cluster; treated as redundant for DoF computation

. 
. * Test joint significance of the three policy–exposure interactions
. test zS_dffr zR_dffr zH_dffr

 ( 1)  zS_dffr = 0
 ( 2)  zR_dffr = 0
 ( 3)  zH_dffr = 0

       F(  3,  4173) =    2.19
            Prob > F =    0.0877

. 
. *------------------------------------------------------
. * 5. Subsample regressions by size (large_bank)
. *------------------------------------------------------
. * Large banks (large_bank == 1)
. reghdfe d_average_interest_bearing_depos ///
>         zS_dffr zR_dffr zH_dffr ///
>         i.qdate ///
>         c.ne#i.qdate c.ma#i.qdate c.ec#i.qdate c.wc#i.qdate ///
>         c.sa#i.qdate c.es#i.qdate c.ws#i.qdate c.mt#i.qdate ///
>         if sample_stage1 & is_commercial_bank == 1 & large_bank == 1 , ///
>         absorb(bankid) ///
>         cluster(bankid)
(dropped 6 singleton observations)
(MWFE estimator converged in 1 iterations)
note: 254.qdate#c.ne omitted because of collinearity
note: 254.qdate#c.ma omitted because of collinearity
note: 254.qdate#c.ec omitted because of collinearity
note: 254.qdate#c.wc omitted because of collinearity
note: 254.qdate#c.sa omitted because of collinearity
note: 254.qdate#c.es omitted because of collinearity
note: 254.qdate#c.ws omitted because of collinearity
note: 254.qdate#c.mt omitted because of collinearity

HDFE Linear regression                            Number of obs   =      5,316
Absorbing 1 HDFE group                            F(  57,    782) =       3.72
Statistics robust to heteroskedasticity           Prob > F        =     0.0000
                                                  R-squared       =     0.3394
                                                  Adj R-squared   =     0.2156
                                                  Within R-sq.    =     0.0149
Number of clusters (bankid)  =        783         Root MSE        =     0.2373

                               (Std. err. adjusted for 783 clusters in bankid)
------------------------------------------------------------------------------
             |               Robust
d_average_~s | Coefficient  std. err.      t    P>|t|     [95% conf. interval]
-------------+----------------------------------------------------------------
     zS_dffr |  -.0008491    .005007    -0.17   0.865    -.0106778    .0089797
     zR_dffr |  -.8429231   .4819396    -1.75   0.081    -1.788972    .1031254
     zH_dffr |  -.0087313   .0056036    -1.56   0.120    -.0197312    .0022687
             |
       qdate |
        249  |   -.091649   .0348227    -2.63   0.009    -.1600061   -.0232918
        250  |   .0516711   .1171347     0.44   0.659    -.1782645    .2816067
        251  |  -.1335365   .0982184    -1.36   0.174    -.3263394    .0592665
        252  |  -.0371866   .0176942    -2.10   0.036    -.0719204   -.0024528
        253  |  -.0909608   .0884329    -1.03   0.304    -.2645548    .0826332
        254  |  -.0032222   .0133719    -0.24   0.810    -.0294711    .0230268
             |
  qdate#c.ne |
        248  |   .0321754   .0301801     1.07   0.287    -.0270682     .091419
        249  |   .0285769   .0201484     1.42   0.156    -.0109744    .0681281
        250  |  -.1182231   .1481815    -0.80   0.425    -.4091038    .1726577
        251  |   .1224537   .0758716     1.61   0.107    -.0264824    .2713897
        252  |   .0316471   .0169582     1.87   0.062    -.0016419    .0649361
        253  |   .0842393   .0878301     0.96   0.338    -.0881713      .25665
        254  |          0  (omitted)
             |
  qdate#c.ma |
        248  |   .0126877   .0338954     0.37   0.708    -.0538491    .0792246
        249  |  -.0087193   .0154171    -0.57   0.572    -.0389832    .0215445
        250  |  -.1439015   .1509672    -0.95   0.341    -.4402505    .1524475
        251  |   .0584305   .0730348     0.80   0.424     -.084937     .201798
        252  |   .0132627   .0173282     0.77   0.444    -.0207526     .047278
        253  |   .0709069   .0889725     0.80   0.426    -.1037464    .2455601
        254  |          0  (omitted)
             |
  qdate#c.ec |
        248  |  -.0153189   .0158912    -0.96   0.335    -.0465134    .0158756
        249  |   .0040127   .0121356     0.33   0.741    -.0198095    .0278349
        250  |  -.1229221   .1476719    -0.83   0.405    -.4128024    .1669583
        251  |   .0614992   .0719985     0.85   0.393    -.0798341    .2028325
        252  |   .0539996   .0272892     1.98   0.048     .0004308    .1075685
        253  |   .0815965   .0869456     0.94   0.348    -.0890778    .2522708
        254  |          0  (omitted)
             |
  qdate#c.wc |
        248  |  -.0246176   .0162813    -1.51   0.131    -.0565777    .0073426
        249  |   .0034218   .0138533     0.25   0.805    -.0237722    .0306157
        250  |  -.1176419   .1453741    -0.81   0.419    -.4030116    .1677279
        251  |   .0861396   .0751784     1.15   0.252    -.0614358     .233715
        252  |   .0318607   .0164107     1.94   0.053    -.0003536     .064075
        253  |   .0677799   .0871667     0.78   0.437    -.1033285    .2388882
        254  |          0  (omitted)
             |
  qdate#c.sa |
        248  |   .0229198   .0247393     0.93   0.354    -.0256434    .0714831
        249  |   .0295635   .0163799     1.80   0.071    -.0025903    .0617174
        250  |  -.1342122   .1494799    -0.90   0.370    -.4276416    .1592171
        251  |   .0829887   .0728324     1.14   0.255    -.0599815     .225959
        252  |   .0470837    .021069     2.23   0.026     .0057252    .0884421
        253  |   .1021861   .0883153     1.16   0.248     -.071177    .2755492
        254  |          0  (omitted)
             |
  qdate#c.es |
        248  |  -.0025605   .0177736    -0.14   0.885    -.0374502    .0323292
        249  |   .0010231   .0159099     0.06   0.949     -.030208    .0322542
        250  |   -.139573   .1425995    -0.98   0.328    -.4194961    .1403501
        251  |   .0820465   .0755365     1.09   0.278    -.0662317    .2303247
        252  |   .0120665   .0188808     0.64   0.523    -.0249966    .0491296
        253  |   .0653349    .086509     0.76   0.450    -.1044824    .2351523
        254  |          0  (omitted)
             |
  qdate#c.ws |
        248  |   .0012662   .0163597     0.08   0.938    -.0308479    .0333803
        249  |   .0133331   .0150129     0.89   0.375    -.0161373    .0428034
        250  |  -.1357771   .1446563    -0.94   0.348    -.4197377    .1481836
        251  |   .1005397    .075263     1.34   0.182    -.0472018    .2482812
        252  |   .0232484   .0156703     1.48   0.138    -.0075124    .0540092
        253  |   .0720642   .0874299     0.82   0.410     -.099561    .2436893
        254  |          0  (omitted)
             |
  qdate#c.mt |
        248  |   .0040937   .0208169     0.20   0.844    -.0367699    .0449574
        249  |   .0498125   .0202086     2.46   0.014      .010143    .0894821
        250  |  -.1181057   .1584121    -0.75   0.456     -.429069    .1928577
        251  |   .0907123   .0768257     1.18   0.238    -.0600968    .2415214
        252  |   .0123363    .019178     0.64   0.520    -.0253102    .0499827
        253  |   .0676421   .0921915     0.73   0.463      -.11333    .2486141
        254  |          0  (omitted)
             |
       _cons |   .0220327   .0141736     1.55   0.120    -.0057902    .0498555
------------------------------------------------------------------------------

Absorbed degrees of freedom:
-----------------------------------------------------+
 Absorbed FE | Categories  - Redundant  = Num. Coefs |
-------------+---------------------------------------|
      bankid |       783         783           0    *|
-----------------------------------------------------+
* = FE nested within cluster; treated as redundant for DoF computation

. test zS_dffr zR_dffr zH_dffr

 ( 1)  zS_dffr = 0
 ( 2)  zR_dffr = 0
 ( 3)  zH_dffr = 0

       F(  3,   782) =    1.24
            Prob > F =    0.2940

. 
. * Small banks (large_bank == 0)
. reghdfe d_average_interest_bearing_depos ///
>         zS_dffr zR_dffr zH_dffr ///
>         i.qdate ///
>         c.ne#i.qdate c.ma#i.qdate c.ec#i.qdate c.wc#i.qdate ///
>         c.sa#i.qdate c.es#i.qdate c.ws#i.qdate c.mt#i.qdate ///
>         if sample_stage1 & is_commercial_bank == 1 & large_bank == 0, ///
>         absorb(bankid) ///
>         cluster(bankid)
(dropped 20 singleton observations)
(MWFE estimator converged in 1 iterations)
note: 254.qdate#c.ne omitted because of collinearity
note: 254.qdate#c.ma omitted because of collinearity
note: 254.qdate#c.ec omitted because of collinearity
note: 254.qdate#c.wc omitted because of collinearity
note: 254.qdate#c.sa omitted because of collinearity
note: 254.qdate#c.es omitted because of collinearity
note: 254.qdate#c.ws omitted because of collinearity
note: 254.qdate#c.mt omitted because of collinearity

HDFE Linear regression                            Number of obs   =     23,237
Absorbing 1 HDFE group                            F(  57,   3390) =       7.26
Statistics robust to heteroskedasticity           Prob > F        =     0.0000
                                                  R-squared       =     0.1839
                                                  Adj R-squared   =     0.0418
                                                  Within R-sq.    =     0.0099
Number of clusters (bankid)  =      3,391         Root MSE        =     0.1804

                             (Std. err. adjusted for 3,391 clusters in bankid)
------------------------------------------------------------------------------
             |               Robust
d_average_~s | Coefficient  std. err.      t    P>|t|     [95% conf. interval]
-------------+----------------------------------------------------------------
     zS_dffr |   .0077585   .0033953     2.29   0.022     .0011015    .0144155
     zR_dffr |  -.0004977   .0056139    -0.09   0.929    -.0115046    .0105093
     zH_dffr |   .0015419   .0014842     1.04   0.299    -.0013681     .004452
             |
       qdate |
        249  |  -.1363316   .1134064    -1.20   0.229    -.3586833    .0860202
        250  |  -.0946222   .1241903    -0.76   0.446    -.3381176    .1488732
        251  |  -.1518734   .1248466    -1.22   0.224    -.3966555    .0929088
        252  |  -.1375407   .1246323    -1.10   0.270    -.3819027    .1068213
        253  |  -.1313848   .1259536    -1.04   0.297    -.3783376    .1155679
        254  |  -.1256982   .1269623    -0.99   0.322    -.3746287    .1232323
             |
  qdate#c.ne |
        248  |  -.1248224   .1283193    -0.97   0.331    -.3764135    .1267687
        249  |  -.0336585   .0262033    -1.28   0.199    -.0850344    .0177175
        250  |   -.051625   .0330604    -1.56   0.118    -.1164454    .0131954
        251  |    .024489   .0528668     0.46   0.643     -.079165    .1281429
        252  |   .0011194   .0254729     0.04   0.965    -.0488244    .0510631
        253  |  -.0179235   .0204056    -0.88   0.380     -.057932     .022085
        254  |          0  (omitted)
             |
  qdate#c.ma |
        248  |  -.1248749   .1277948    -0.98   0.329    -.3754375    .1256878
        249  |  -.0328508    .026037    -1.26   0.207    -.0839007     .018199
        250  |  -.0329197   .0387546    -0.85   0.396    -.1089044     .043065
        251  |  -.0038889   .0209346    -0.19   0.853    -.0449346    .0371568
        252  |    .035403   .0202739     1.75   0.081    -.0043473    .0751533
        253  |  -.0424078   .0213371    -1.99   0.047    -.0842426    -.000573
        254  |          0  (omitted)
             |
  qdate#c.ec |
        248  |   -.120352    .127347    -0.95   0.345    -.3700366    .1293326
        249  |  -.0195327   .0221441    -0.88   0.378    -.0629499    .0238844
        250  |  -.0585448   .0321718    -1.82   0.069    -.1216229    .0045334
        251  |   .0131402   .0268233     0.49   0.624    -.0394512    .0657316
        252  |   .0007119   .0163972     0.04   0.965    -.0314375    .0328613
        253  |  -.0200554   .0172946    -1.16   0.246    -.0539643    .0138535
        254  |          0  (omitted)
             |
  qdate#c.wc |
        248  |  -.0883359   .1270049    -0.70   0.487    -.3373497     .160678
        249  |    .014864    .021144     0.70   0.482    -.0265922    .0563203
        250  |  -.0370068   .0313859    -1.18   0.238     -.098544    .0245303
        251  |   .0263527    .015893     1.66   0.097     -.004808    .0575135
        252  |    .033471   .0146998     2.28   0.023     .0046497    .0622923
        253  |   .0016867   .0144419     0.12   0.907     -.026629    .0300025
        254  |          0  (omitted)
             |
  qdate#c.sa |
        248  |  -.1032341   .1272796    -0.81   0.417    -.3527866    .1463184
        249  |   .0078474    .021852     0.36   0.720     -.034997    .0506918
        250  |  -.0346504   .0327618    -1.06   0.290    -.0988854    .0295845
        251  |   .0421845   .0186255     2.26   0.024     .0056661    .0787028
        252  |   .0106418   .0155825     0.68   0.495    -.0199102    .0411938
        253  |  -.0036953   .0157436    -0.23   0.814    -.0345632    .0271727
        254  |          0  (omitted)
             |
  qdate#c.es |
        248  |  -.1132657   .1271217    -0.89   0.373    -.3625086    .1359772
        249  |   .0067325    .021517     0.31   0.754    -.0354552    .0489201
        250  |  -.0407855   .0325364    -1.25   0.210    -.1045785    .0230075
        251  |   .0244971   .0183102     1.34   0.181    -.0114032    .0603973
        252  |   .0192551   .0148039     1.30   0.193    -.0097704    .0482807
        253  |   -.013188    .015007    -0.88   0.380    -.0426116    .0162357
        254  |          0  (omitted)
             |
  qdate#c.ws |
        248  |  -.0843987   .1286735    -0.66   0.512    -.3366841    .1678868
        249  |   .0068752   .0209706     0.33   0.743    -.0342412    .0479915
        250  |  -.0354657   .0321737    -1.10   0.270    -.0985476    .0276162
        251  |   .0326059   .0166589     1.96   0.050    -.0000565    .0652684
        252  |   .0219163   .0143925     1.52   0.128    -.0063026    .0501352
        253  |   .0028322   .0155314     0.18   0.855    -.0276196    .0332841
        254  |          0  (omitted)
             |
  qdate#c.mt |
        248  |  -.1286876   .1286766    -1.00   0.317    -.3809792    .1236041
        249  |  -.0156997    .028543    -0.55   0.582    -.0716629    .0402635
        250  |  -.0557022   .0359548    -1.55   0.121    -.1261975    .0147931
        251  |  -.0266556   .0238847    -1.12   0.264    -.0734855    .0201743
        252  |  -.0197321   .0222052    -0.89   0.374     -.063269    .0238048
        253  |  -.0305921    .025047    -1.22   0.222    -.0797009    .0185168
        254  |          0  (omitted)
             |
       _cons |   .1437456   .1263768     1.14   0.255    -.1040369    .3915281
------------------------------------------------------------------------------

Absorbed degrees of freedom:
-----------------------------------------------------+
 Absorbed FE | Categories  - Redundant  = Num. Coefs |
-------------+---------------------------------------|
      bankid |      3391        3391           0    *|
-----------------------------------------------------+
* = FE nested within cluster; treated as redundant for DoF computation

. test zS_dffr zR_dffr zH_dffr

 ( 1)  zS_dffr = 0
 ( 2)  zR_dffr = 0
 ( 3)  zH_dffr = 0

       F(  3,  3390) =    1.86
            Prob > F =    0.1340

. 
. reghdfe d_average_deposit ///
>         zS_dffr zR_dffr zH_dffr ///
>         i.qdate ///
>         c.ne#i.qdate c.ma#i.qdate c.ec#i.qdate c.wc#i.qdate ///
>         c.sa#i.qdate c.es#i.qdate c.ws#i.qdate c.mt#i.qdate ///
>         if sample_stage1 & is_commercial_bank == 1, ///
>         absorb(bankid) ///
>         cluster(bankid)
(dropped 26 singleton observations)
(MWFE estimator converged in 1 iterations)
note: 254.qdate#c.ne omitted because of collinearity
note: 254.qdate#c.ma omitted because of collinearity
note: 254.qdate#c.ec omitted because of collinearity
note: 254.qdate#c.wc omitted because of collinearity
note: 254.qdate#c.sa omitted because of collinearity
note: 254.qdate#c.es omitted because of collinearity
note: 254.qdate#c.ws omitted because of collinearity
note: 254.qdate#c.mt omitted because of collinearity

HDFE Linear regression                            Number of obs   =     28,556
Absorbing 1 HDFE group                            F(  57,   4173) =      17.97
Statistics robust to heteroskedasticity           Prob > F        =     0.0000
                                                  R-squared       =     0.2276
                                                  Adj R-squared   =     0.0933
                                                  Within R-sq.    =     0.0304
Number of clusters (bankid)  =      4,174         Root MSE        =     0.0857

                             (Std. err. adjusted for 4,174 clusters in bankid)
------------------------------------------------------------------------------
             |               Robust
d_average_~t | Coefficient  std. err.      t    P>|t|     [95% conf. interval]
-------------+----------------------------------------------------------------
     zS_dffr |  -.0009314   .0013473    -0.69   0.489    -.0035727      .00171
     zR_dffr |   .0013638   .0074141     0.18   0.854    -.0131719    .0158994
     zH_dffr |  -.0006726   .0009192    -0.73   0.464    -.0024746    .0011295
             |
       qdate |
        249  |  -.0523784   .0346133    -1.51   0.130     -.120239    .0154822
        250  |   .0021552   .0512781     0.04   0.966    -.0983772    .1026876
        251  |  -.0730797   .0394408    -1.85   0.064    -.1504047    .0042454
        252  |  -.0742767   .0396405    -1.87   0.061    -.1519932    .0034399
        253  |    -.05846   .0399973    -1.46   0.144    -.1368761    .0199561
        254  |  -.0421044   .0407854    -1.03   0.302    -.1220655    .0378567
             |
  qdate#c.ne |
        248  |  -.0232884   .0433198    -0.54   0.591    -.1082182    .0616414
        249  |  -.0026178   .0129314    -0.20   0.840    -.0279702    .0227345
        250  |    -.04806   .0314236    -1.53   0.126     -.109667     .013547
        251  |   .0429062   .0253064     1.70   0.090    -.0067079    .0925203
        252  |   .0170674   .0143837     1.19   0.235    -.0111322    .0452671
        253  |  -.0026787   .0117389    -0.23   0.820    -.0256932    .0203357
        254  |          0  (omitted)
             |
  qdate#c.ma |
        248  |  -.0214475   .0438608    -0.49   0.625    -.1074381    .0645431
        249  |  -.0135264   .0122958    -1.10   0.271    -.0376328      .01058
        250  |  -.0507272   .0319561    -1.59   0.112    -.1133782    .0119237
        251  |   .0015867   .0123566     0.13   0.898    -.0226389    .0258122
        252  |   .0307109   .0140116     2.19   0.028     .0032408     .058181
        253  |  -.0138115   .0113168    -1.22   0.222    -.0359985    .0083756
        254  |          0  (omitted)
             |
  qdate#c.ec |
        248  |  -.0240083   .0409284    -0.59   0.558    -.1042499    .0562332
        249  |   .0008266   .0090848     0.09   0.928    -.0169844    .0186376
        250  |  -.0472624   .0313673    -1.51   0.132     -.108759    .0142341
        251  |   .0178562    .008732     2.04   0.041     .0007368    .0349756
        252  |   .0291702   .0121977     2.39   0.017     .0052563    .0530842
        253  |   .0054135   .0085486     0.63   0.527    -.0113463    .0221734
        254  |          0  (omitted)
             |
  qdate#c.wc |
        248  |  -.0025023   .0408871    -0.06   0.951    -.0826629    .0776582
        249  |   .0135889   .0089973     1.51   0.131    -.0040507    .0312284
        250  |  -.0454745    .031313    -1.45   0.147    -.1068647    .0159157
        251  |   .0401006   .0087111     4.60   0.000     .0230222     .057179
        252  |   .0385527   .0120518     3.20   0.001     .0149248    .0621806
        253  |   .0054179   .0082497     0.66   0.511    -.0107558    .0215917
        254  |          0  (omitted)
             |
  qdate#c.sa |
        248  |  -.0062803    .041321    -0.15   0.879    -.0872914    .0747308
        249  |   .0173952    .010319     1.69   0.092    -.0028355     .037626
        250  |  -.0454029   .0320028    -1.42   0.156    -.1081454    .0173396
        251  |   .0280576   .0100605     2.79   0.005     .0083336    .0477815
        252  |   .0308861   .0130147     2.37   0.018     .0053703    .0564019
        253  |   .0078399    .009552     0.82   0.412    -.0108871    .0265668
        254  |          0  (omitted)
             |
  qdate#c.es |
        248  |  -.0170072   .0410026    -0.41   0.678    -.0973942    .0633798
        249  |   .0121703    .008944     1.36   0.174    -.0053647    .0297052
        250  |  -.0535554   .0322502    -1.66   0.097     -.116783    .0096721
        251  |   .0188078   .0091471     2.06   0.040     .0008745     .036741
        252  |   .0360604   .0121213     2.97   0.003     .0122961    .0598246
        253  |   .0019016   .0087508     0.22   0.828    -.0152547    .0190578
        254  |          0  (omitted)
             |
  qdate#c.ws |
        248  |  -.0156234   .0409982    -0.38   0.703    -.0960018     .064755
        249  |    .012209    .008813     1.39   0.166    -.0050692    .0294871
        250  |  -.0428473   .0320008    -1.34   0.181    -.1055859    .0198914
        251  |   .0302485   .0086699     3.49   0.000     .0132509    .0472462
        252  |   .0283405   .0121156     2.34   0.019     .0045875    .0520935
        253  |   .0070234   .0091108     0.77   0.441    -.0108386    .0248853
        254  |          0  (omitted)
             |
  qdate#c.mt |
        248  |  -.0318958   .0416521    -0.77   0.444    -.1135561    .0497645
        249  |   .0107706   .0114418     0.94   0.347    -.0116614    .0332026
        250  |  -.0404308   .0319444    -1.27   0.206    -.1030588    .0221972
        251  |   .0131566   .0109191     1.20   0.228    -.0082506    .0345638
        252  |   .0047417   .0135461     0.35   0.726    -.0218159    .0312993
        253  |  -.0087161   .0098397    -0.89   0.376    -.0280071    .0105748
        254  |          0  (omitted)
             |
       _cons |    .050658   .0404498     1.25   0.211    -.0286452    .1299611
------------------------------------------------------------------------------

Absorbed degrees of freedom:
-----------------------------------------------------+
 Absorbed FE | Categories  - Redundant  = Num. Coefs |
-------------+---------------------------------------|
      bankid |      4174        4174           0    *|
-----------------------------------------------------+
* = FE nested within cluster; treated as redundant for DoF computation

. test zS_dffr zR_dffr zH_dffr

 ( 1)  zS_dffr = 0
 ( 2)  zR_dffr = 0
 ( 3)  zH_dffr = 0

       F(  3,  4173) =    0.23
            Prob > F =    0.8727

. 
. reghdfe d_average_deposit ///
>         zS_dffr zR_dffr zH_dffr ///
>         i.qdate ///
>         c.ne#i.qdate c.ma#i.qdate c.ec#i.qdate c.wc#i.qdate ///
>         c.sa#i.qdate c.es#i.qdate c.ws#i.qdate c.mt#i.qdate ///
>         if sample_stage1 & is_commercial_bank == 1 & large_bank == 0, ///
>         absorb(bankid) ///
>         cluster(bankid)
(dropped 20 singleton observations)
(MWFE estimator converged in 1 iterations)
note: 254.qdate#c.ne omitted because of collinearity
note: 254.qdate#c.ma omitted because of collinearity
note: 254.qdate#c.ec omitted because of collinearity
note: 254.qdate#c.wc omitted because of collinearity
note: 254.qdate#c.sa omitted because of collinearity
note: 254.qdate#c.es omitted because of collinearity
note: 254.qdate#c.ws omitted because of collinearity
note: 254.qdate#c.mt omitted because of collinearity

HDFE Linear regression                            Number of obs   =     23,240
Absorbing 1 HDFE group                            F(  57,   3390) =      18.28
Statistics robust to heteroskedasticity           Prob > F        =     0.0000
                                                  R-squared       =     0.2265
                                                  Adj R-squared   =     0.0918
                                                  Within R-sq.    =     0.0347
Number of clusters (bankid)  =      3,391         Root MSE        =     0.0885

                             (Std. err. adjusted for 3,391 clusters in bankid)
------------------------------------------------------------------------------
             |               Robust
d_average_~t | Coefficient  std. err.      t    P>|t|     [95% conf. interval]
-------------+----------------------------------------------------------------
     zS_dffr |  -.0001545   .0014429    -0.11   0.915    -.0029835    .0026745
     zR_dffr |   .0017215   .0073427     0.23   0.815    -.0126751    .0161181
     zH_dffr |   .0003695   .0008889     0.42   0.678    -.0013734    .0021124
             |
       qdate |
        249  |  -.0821878   .0628251    -1.31   0.191    -.2053667    .0409911
        250  |   .0133137   .0933291     0.14   0.887    -.1696732    .1963007
        251  |  -.1071157   .0714105    -1.50   0.134    -.2471276    .0328963
        252  |   -.108848   .0718796    -1.51   0.130    -.2497799    .0320838
        253  |  -.0929164   .0728448    -1.28   0.202    -.2357406    .0499078
        254  |  -.0675335   .0744849    -0.91   0.365    -.2135734    .0785064
             |
  qdate#c.ne |
        248  |  -.0551709   .0757156    -0.73   0.466    -.2036237     .093282
        249  |  -.0062989   .0200029    -0.31   0.753    -.0455179      .03292
        250  |  -.0830317   .0573292    -1.45   0.148     -.195435    .0293716
        251  |   .0445546    .045629     0.98   0.329    -.0449086    .1340177
        252  |   .0196352   .0247186     0.79   0.427    -.0288296    .0681001
        253  |   .0015918   .0191831     0.08   0.934    -.0360198    .0392034
        254  |          0  (omitted)
             |
  qdate#c.ma |
        248  |  -.0567539   .0751485    -0.76   0.450    -.2040948    .0905869
        249  |  -.0092376   .0202657    -0.46   0.649    -.0489718    .0304965
        250  |  -.0821923   .0574385    -1.43   0.153    -.1948099    .0304253
        251  |   .0061992   .0197506     0.31   0.754    -.0325252    .0449235
        252  |   .0492511   .0229164     2.15   0.032     .0043198    .0941824
        253  |  -.0161197   .0186251    -0.87   0.387    -.0526372    .0203979
        254  |          0  (omitted)
             |
  qdate#c.ec |
        248  |  -.0456199   .0745561    -0.61   0.541    -.1917994    .1005595
        249  |   .0070603    .015486     0.46   0.648    -.0233026    .0374232
        250  |    -.08469   .0566419    -1.50   0.135    -.1957458    .0263658
        251  |   .0265965   .0139373     1.91   0.056    -.0007298    .0539229
        252  |   .0377075   .0201015     1.88   0.061    -.0017048    .0771198
        253  |   .0131035   .0141746     0.92   0.355    -.0146881     .040895
        254  |          0  (omitted)
             |
  qdate#c.wc |
        248  |  -.0244155   .0745317    -0.33   0.743    -.1705471    .1217162
        249  |   .0198708   .0154473     1.29   0.198    -.0104161    .0501577
        250  |  -.0821029   .0565796    -1.45   0.147    -.1930364    .0288306
        251  |   .0487419   .0139254     3.50   0.000      .021439    .0760449
        252  |   .0478604   .0200169     2.39   0.017      .008614    .0871068
        253  |   .0145109   .0139235     1.04   0.297    -.0127884    .0418102
        254  |          0  (omitted)
             |
  qdate#c.sa |
        248  |  -.0302049   .0748253    -0.40   0.686    -.1769121    .1165023
        249  |   .0217277   .0163729     1.33   0.185    -.0103741    .0538295
        250  |  -.0798413   .0572224    -1.40   0.163    -.1920353    .0323526
        251  |    .038973   .0150188     2.59   0.010     .0095262    .0684199
        252  |   .0346167   .0206859     1.67   0.094    -.0059414    .0751749
        253  |   .0164874   .0149774     1.10   0.271    -.0128782    .0458531
        254  |          0  (omitted)
             |
  qdate#c.es |
        248  |  -.0419011    .074633    -0.56   0.575    -.1882314    .1044291
        249  |   .0205983   .0151432     1.36   0.174    -.0090924    .0502891
        250  |  -.0891042   .0574502    -1.55   0.121    -.2017446    .0235363
        251  |   .0279701   .0141096     1.98   0.048     .0003059    .0556343
        252  |   .0456969   .0200139     2.28   0.022     .0064563    .0849374
        253  |   .0116463   .0143315     0.81   0.416    -.0164529    .0397454
        254  |          0  (omitted)
             |
  qdate#c.ws |
        248  |  -.0415661   .0746053    -0.56   0.577    -.1878419    .1047098
        249  |   .0188681   .0150961     1.25   0.211    -.0107303    .0484665
        250  |  -.0775713    .057218    -1.36   0.175    -.1897565    .0346138
        251  |   .0377035   .0136672     2.76   0.006     .0109068    .0645003
        252  |   .0391329    .020038     1.95   0.051    -.0001549    .0784206
        253  |   .0175638   .0146135     1.20   0.229    -.0110885     .046216
        254  |          0  (omitted)
             |
  qdate#c.mt |
        248  |  -.0577932   .0749775    -0.77   0.441    -.2047988    .0892124
        249  |   .0086348   .0172467     0.50   0.617    -.0251802    .0424497
        250  |  -.0816234   .0568284    -1.44   0.151    -.1930448    .0297981
        251  |    .011983   .0151595     0.79   0.429    -.0177396    .0417057
        252  |   .0117778   .0212794     0.55   0.580     -.029944    .0534997
        253  |   .0013499   .0149156     0.09   0.928    -.0278947    .0305944
        254  |          0  (omitted)
             |
       _cons |   .0748951   .0741008     1.01   0.312    -.0703917    .2201818
------------------------------------------------------------------------------

Absorbed degrees of freedom:
-----------------------------------------------------+
 Absorbed FE | Categories  - Redundant  = Num. Coefs |
-------------+---------------------------------------|
      bankid |      3391        3391           0    *|
-----------------------------------------------------+
* = FE nested within cluster; treated as redundant for DoF computation

. test zS_dffr zR_dffr zH_dffr

 ( 1)  zS_dffr = 0
 ( 2)  zR_dffr = 0
 ( 3)  zH_dffr = 0

       F(  3,  3390) =    0.13
            Prob > F =    0.9392

. 
. 
. reghdfe d_average_deposit ///
>         zS_dffr zR_dffr zH_dffr ///
>         i.qdate ///
>         c.ne#i.qdate c.ma#i.qdate c.ec#i.qdate c.wc#i.qdate ///
>         c.sa#i.qdate c.es#i.qdate c.ws#i.qdate c.mt#i.qdate ///
>         if sample_stage1 & is_commercial_bank == 1 & large_bank == 1, ///
>         absorb(bankid) ///
>         cluster(bankid)
(dropped 6 singleton observations)
(MWFE estimator converged in 1 iterations)
note: 254.qdate#c.ne omitted because of collinearity
note: 254.qdate#c.ma omitted because of collinearity
note: 254.qdate#c.ec omitted because of collinearity
note: 254.qdate#c.wc omitted because of collinearity
note: 254.qdate#c.sa omitted because of collinearity
note: 254.qdate#c.es omitted because of collinearity
note: 254.qdate#c.ws omitted because of collinearity
note: 254.qdate#c.mt omitted because of collinearity

HDFE Linear regression                            Number of obs   =      5,316
Absorbing 1 HDFE group                            F(  57,    782) =       3.88
Statistics robust to heteroskedasticity           Prob > F        =     0.0000
                                                  R-squared       =     0.2653
                                                  Adj R-squared   =     0.1276
                                                  Within R-sq.    =     0.0418
Number of clusters (bankid)  =        783         Root MSE        =     0.0711

                               (Std. err. adjusted for 783 clusters in bankid)
------------------------------------------------------------------------------
             |               Robust
d_average_~t | Coefficient  std. err.      t    P>|t|     [95% conf. interval]
-------------+----------------------------------------------------------------
     zS_dffr |  -.0040282   .0029284    -1.38   0.169    -.0097768    .0017203
     zR_dffr |  -.1683636   .1055501    -1.60   0.111    -.3755587    .0388315
     zH_dffr |  -.0072359   .0034463    -2.10   0.036    -.0140009   -.0004708
             |
       qdate |
        249  |  -.0284966   .0096774    -2.94   0.003    -.0474935   -.0094998
        250  |  -.0240326   .0112336    -2.14   0.033    -.0460843   -.0019809
        251  |  -.0448527   .0117883    -3.80   0.000    -.0679932   -.0217122
        252  |  -.0355064   .0113391    -3.13   0.002     -.057765   -.0132477
        253  |  -.0171148   .0075262    -2.27   0.023    -.0318888   -.0023408
        254  |  -.0113022      .0067    -1.69   0.092    -.0244543    .0018499
             |
  qdate#c.ne |
        248  |   .0133764   .0265041     0.50   0.614    -.0386513    .0654041
        249  |   .0035101   .0145639     0.24   0.810    -.0250789     .032099
        250  |   -.002967   .0122528    -0.24   0.809    -.0270192    .0210852
        251  |   .0433298   .0238904     1.81   0.070    -.0035671    .0902267
        252  |   .0135063   .0127144     1.06   0.288     -.011452    .0384646
        253  |  -.0092528   .0125381    -0.74   0.461    -.0338651    .0153595
        254  |          0  (omitted)
             |
  qdate#c.ma |
        248  |   .0235835   .0331004     0.71   0.476    -.0413927    .0885597
        249  |  -.0158056   .0107481    -1.47   0.142    -.0369041    .0052928
        250  |  -.0102475   .0113025    -0.91   0.365    -.0324345    .0119394
        251  |   4.03e-06   .0130324     0.00   1.000    -.0255787    .0255868
        252  |   .0072692   .0131684     0.55   0.581    -.0185803    .0331187
        253  |  -.0104065   .0099702    -1.04   0.297     -.029978    .0091651
        254  |          0  (omitted)
             |
  qdate#c.ec |
        248  |  -.0119566   .0104601    -1.14   0.253    -.0324898    .0085766
        249  |  -.0115915   .0089756    -1.29   0.197    -.0292106    .0060277
        250  |   .0014109   .0104818     0.13   0.893    -.0191648    .0219866
        251  |   .0092939   .0111609     0.83   0.405    -.0126148    .0312027
        252  |    .021766   .0138876     1.57   0.117    -.0054953    .0490274
        253  |   .0018277   .0081411     0.22   0.822    -.0141534    .0178087
        254  |          0  (omitted)
             |
  qdate#c.wc |
        248  |  -.0102829   .0092179    -1.12   0.265    -.0283777    .0078119
        249  |  -.0103578   .0088379    -1.17   0.242    -.0277067     .006991
        250  |  -.0001911    .009856    -0.02   0.985    -.0195385    .0191563
        251  |   .0315368   .0123649     2.55   0.011     .0072644    .0558092
        252  |   .0262296   .0126388     2.08   0.038     .0014195    .0510396
        253  |  -.0057688   .0079624    -0.72   0.469     -.021399    .0098614
        254  |          0  (omitted)
             |
  qdate#c.sa |
        248  |    .018847   .0148001     1.27   0.203    -.0102056    .0478996
        249  |   .0153692   .0131818     1.17   0.244    -.0105066    .0412451
        250  |  -.0075861   .0144856    -0.52   0.601    -.0360214    .0208491
        251  |   .0120541   .0148264     0.81   0.416    -.0170503    .0411584
        252  |   .0404052   .0170917     2.36   0.018     .0068542    .0739562
        253  |  -.0019554   .0124335    -0.16   0.875    -.0263624    .0224517
        254  |          0  (omitted)
             |
  qdate#c.es |
        248  |   .0111955   .0104785     1.07   0.286    -.0093738    .0317648
        249  |  -.0136721   .0094033    -1.45   0.146    -.0321309    .0047866
        250  |  -.0132566   .0125131    -1.06   0.290    -.0378199    .0113066
        251  |   .0095597   .0122477     0.78   0.435    -.0144825     .033602
        252  |   .0220003   .0135383     1.63   0.105    -.0045755    .0485761
        253  |  -.0130531   .0082581    -1.58   0.114    -.0292638    .0031577
        254  |          0  (omitted)
             |
  qdate#c.ws |
        248  |   .0191041   .0104195     1.83   0.067    -.0013493    .0395575
        249  |  -.0021045   .0093056    -0.23   0.821    -.0203715    .0161624
        250  |  -.0065675   .0111932    -0.59   0.558    -.0285398    .0154048
        251  |   .0302834   .0141007     2.15   0.032     .0026037    .0579632
        252  |   .0087716   .0122753     0.71   0.475    -.0153248     .032868
        253  |  -.0120904   .0098058    -1.23   0.218    -.0313392    .0071584
        254  |          0  (omitted)
             |
  qdate#c.mt |
        248  |   .0059301   .0163873     0.36   0.718    -.0262381    .0380984
        249  |   .0331352   .0183858     1.80   0.072    -.0029561    .0692266
        250  |   .0220431   .0207895     1.06   0.289    -.0187668    .0628529
        251  |   .0424541   .0240708     1.76   0.078    -.0047969     .089705
        252  |   .0037417   .0158823     0.24   0.814    -.0274352    .0349185
        253  |  -.0220849   .0180598    -1.22   0.222    -.0575364    .0133666
        254  |          0  (omitted)
             |
       _cons |    .022542   .0066981     3.37   0.001     .0093936    .0356904
------------------------------------------------------------------------------

Absorbed degrees of freedom:
-----------------------------------------------------+
 Absorbed FE | Categories  - Redundant  = Num. Coefs |
-------------+---------------------------------------|
      bankid |       783         783           0    *|
-----------------------------------------------------+
* = FE nested within cluster; treated as redundant for DoF computation

. test zS_dffr zR_dffr zH_dffr

 ( 1)  zS_dffr = 0
 ( 2)  zR_dffr = 0
 ( 3)  zH_dffr = 0

       F(  3,   782) =    2.80
            Prob > F =    0.0392

. 
. reghdfe d_average_interest_bearing_depos ///
>         zS_dffr zR_dffr zH_dffr ///
>         i.qdate ///
>         c.ne#i.qdate c.ma#i.qdate c.ec#i.qdate c.wc#i.qdate ///
>         c.sa#i.qdate c.es#i.qdate c.ws#i.qdate c.mt#i.qdate ///
>         if sample_stage1 & is_commercial_bank == 1, ///
>         absorb(bankid) ///
>         cluster(bankid)
(dropped 26 singleton observations)
(MWFE estimator converged in 1 iterations)
note: 254.qdate#c.ne omitted because of collinearity
note: 254.qdate#c.ma omitted because of collinearity
note: 254.qdate#c.ec omitted because of collinearity
note: 254.qdate#c.wc omitted because of collinearity
note: 254.qdate#c.sa omitted because of collinearity
note: 254.qdate#c.es omitted because of collinearity
note: 254.qdate#c.ws omitted because of collinearity
note: 254.qdate#c.mt omitted because of collinearity

HDFE Linear regression                            Number of obs   =     28,553
Absorbing 1 HDFE group                            F(  57,   4173) =       7.56
Statistics robust to heteroskedasticity           Prob > F        =     0.0000
                                                  R-squared       =     0.2328
                                                  Adj R-squared   =     0.0993
                                                  Within R-sq.    =     0.0085
Number of clusters (bankid)  =      4,174         Root MSE        =     0.1922

                             (Std. err. adjusted for 4,174 clusters in bankid)
------------------------------------------------------------------------------
             |               Robust
d_average_~s | Coefficient  std. err.      t    P>|t|     [95% conf. interval]
-------------+----------------------------------------------------------------
     zS_dffr |   .0070813   .0029462     2.40   0.016     .0013052    .0128573
     zR_dffr |  -.0032355    .005972    -0.54   0.588    -.0149438    .0084728
     zH_dffr |   .0003569   .0014067     0.25   0.800    -.0024009    .0031147
             |
       qdate |
        249  |  -.0929407    .062445    -1.49   0.137    -.2153661    .0294846
        250  |    .001454   .0961403     0.02   0.988    -.1870322    .1899402
        251  |  -.1202179   .0761125    -1.58   0.114    -.2694389    .0290031
        252  |  -.0857219   .0684748    -1.25   0.211     -.219969    .0485251
        253  |  -.1122219   .0795009    -1.41   0.158     -.268086    .0436422
        254  |  -.0695033   .0696406    -1.00   0.318     -.206036    .0670294
             |
  qdate#c.ne |
        248  |  -.0508531   .0716435    -0.71   0.478    -.1913125    .0896064
        249  |  -.0067504   .0174205    -0.39   0.698    -.0409039     .027403
        250  |  -.0859935   .0720314    -1.19   0.233    -.2272134    .0552263
        251  |   .0681168   .0430938     1.58   0.114    -.0163701    .1526036
        252  |   .0151437    .015276     0.99   0.322    -.0148054    .0450928
        253  |   .0298798   .0415042     0.72   0.472    -.0514905    .1112501
        254  |          0  (omitted)
             |
  qdate#c.ma |
        248  |  -.0629728   .0721225    -0.87   0.383    -.2043713    .0784258
        249  |  -.0238834   .0161727    -1.48   0.140    -.0555906    .0078237
        250  |  -.0858056   .0728327    -1.18   0.239    -.2285965    .0569854
        251  |   .0219351   .0344922     0.64   0.525    -.0456879    .0895581
        252  |   .0257655   .0137605     1.87   0.061    -.0012123    .0527434
        253  |   .0084118    .041596     0.20   0.840    -.0731384    .0899621
        254  |          0  (omitted)
             |
  qdate#c.ec |
        248  |    -.06731   .0702011    -0.96   0.338    -.2049415    .0703215
        249  |  -.0081737   .0141002    -0.58   0.562    -.0358176    .0194702
        250  |  -.0955611   .0707811    -1.35   0.177    -.2343297    .0432074
        251  |   .0362162   .0380542     0.95   0.341    -.0383904    .1108227
        252  |     .01183   .0128918     0.92   0.359    -.0134447    .0371048
        253  |   .0200188   .0408817     0.49   0.624    -.0601311    .1001687
        254  |          0  (omitted)
             |
  qdate#c.wc |
        248  |  -.0370634    .069752    -0.53   0.595    -.1738143    .0996876
        249  |   .0239095   .0130238     1.84   0.066    -.0016241    .0494432
        250  |  -.0769903   .0703968    -1.09   0.274    -.2150056    .0610249
        251  |   .0509361   .0335371     1.52   0.129    -.0148145    .1166867
        252  |   .0368682   .0109287     3.37   0.001     .0154421    .0582944
        253  |   .0374041   .0400797     0.93   0.351    -.0411736    .1159817
        254  |          0  (omitted)
             |
  qdate#c.sa |
        248  |  -.0464727   .0702329    -0.66   0.508    -.1841665    .0912211
        249  |   .0188142   .0139167     1.35   0.176      -.00847    .0460983
        250  |  -.0777893   .0705516    -1.10   0.270    -.2161081    .0605295
        251  |   .0636603   .0348415     1.83   0.068    -.0046477    .1319683
        252  |   .0206012   .0118555     1.74   0.082    -.0026419    .0438443
        253  |   .0384613   .0405564     0.95   0.343    -.0410507    .1179734
        254  |          0  (omitted)
             |
  qdate#c.es |
        248  |   -.058863   .0698778    -0.84   0.400    -.1958607    .0781347
        249  |   .0140799   .0137454     1.02   0.306    -.0128683    .0410282
        250  |  -.0832375   .0697063    -1.19   0.233    -.2198989     .053424
        251  |   .0488868   .0351777     1.39   0.165    -.0200802    .1178537
        252  |   .0213673   .0110336     1.94   0.053    -.0002643     .042999
        253  |   .0234886   .0402106     0.58   0.559    -.0553456    .1023229
        254  |          0  (omitted)
             |
  qdate#c.ws |
        248  |  -.0339786   .0719635    -0.47   0.637    -.1750654    .1071081
        249  |   .0159402   .0130354     1.22   0.221    -.0096162    .0414965
        250  |  -.0780288   .0699027    -1.12   0.264    -.2150754    .0590178
        251  |   .0588574   .0344382     1.71   0.088    -.0086599    .1263746
        252  |   .0249446    .010503     2.37   0.018      .004353    .0455361
        253  |   .0379161   .0404076     0.94   0.348    -.0413044    .1171366
        254  |          0  (omitted)
             |
  qdate#c.mt |
        248  |  -.0723641   .0720917    -1.00   0.316    -.2137022     .068974
        249  |   .0043806    .020511     0.21   0.831    -.0358318    .0445931
        250  |  -.0900118   .0727777    -1.24   0.216    -.2326948    .0526712
        251  |   .0108461   .0371932     0.29   0.771    -.0620723    .0837645
        252  |  -.0114294   .0174474    -0.66   0.512    -.0456355    .0227768
        253  |   .0086927   .0439261     0.20   0.843    -.0774258    .0948112
        254  |          0  (omitted)
             |
       _cons |   .0899411   .0691287     1.30   0.193     -.045588    .2254702
------------------------------------------------------------------------------

Absorbed degrees of freedom:
-----------------------------------------------------+
 Absorbed FE | Categories  - Redundant  = Num. Coefs |
-------------+---------------------------------------|
      bankid |      4174        4174           0    *|
-----------------------------------------------------+
* = FE nested within cluster; treated as redundant for DoF computation

. test zS_dffr zR_dffr zH_dffr

 ( 1)  zS_dffr = 0
 ( 2)  zR_dffr = 0
 ( 3)  zH_dffr = 0

       F(  3,  4173) =    2.19
            Prob > F =    0.0877

. 
. reghdfe d_average_interest_bearing_depos ///
>         zS_dffr zR_dffr zH_dffr ///
>         i.qdate ///
>         c.ne#i.qdate c.ma#i.qdate c.ec#i.qdate c.wc#i.qdate ///
>         c.sa#i.qdate c.es#i.qdate c.ws#i.qdate c.mt#i.qdate ///
>         if sample_stage1 & is_commercial_bank == 1 & large_bank == 0, ///
>         absorb(bankid) ///
>         cluster(bankid)
(dropped 20 singleton observations)
(MWFE estimator converged in 1 iterations)
note: 254.qdate#c.ne omitted because of collinearity
note: 254.qdate#c.ma omitted because of collinearity
note: 254.qdate#c.ec omitted because of collinearity
note: 254.qdate#c.wc omitted because of collinearity
note: 254.qdate#c.sa omitted because of collinearity
note: 254.qdate#c.es omitted because of collinearity
note: 254.qdate#c.ws omitted because of collinearity
note: 254.qdate#c.mt omitted because of collinearity

HDFE Linear regression                            Number of obs   =     23,237
Absorbing 1 HDFE group                            F(  57,   3390) =       7.26
Statistics robust to heteroskedasticity           Prob > F        =     0.0000
                                                  R-squared       =     0.1839
                                                  Adj R-squared   =     0.0418
                                                  Within R-sq.    =     0.0099
Number of clusters (bankid)  =      3,391         Root MSE        =     0.1804

                             (Std. err. adjusted for 3,391 clusters in bankid)
------------------------------------------------------------------------------
             |               Robust
d_average_~s | Coefficient  std. err.      t    P>|t|     [95% conf. interval]
-------------+----------------------------------------------------------------
     zS_dffr |   .0077585   .0033953     2.29   0.022     .0011015    .0144155
     zR_dffr |  -.0004977   .0056139    -0.09   0.929    -.0115046    .0105093
     zH_dffr |   .0015419   .0014842     1.04   0.299    -.0013681     .004452
             |
       qdate |
        249  |  -.1363316   .1134064    -1.20   0.229    -.3586833    .0860202
        250  |  -.0946222   .1241903    -0.76   0.446    -.3381176    .1488732
        251  |  -.1518734   .1248466    -1.22   0.224    -.3966555    .0929088
        252  |  -.1375407   .1246323    -1.10   0.270    -.3819027    .1068213
        253  |  -.1313848   .1259536    -1.04   0.297    -.3783376    .1155679
        254  |  -.1256982   .1269623    -0.99   0.322    -.3746287    .1232323
             |
  qdate#c.ne |
        248  |  -.1248224   .1283193    -0.97   0.331    -.3764135    .1267687
        249  |  -.0336585   .0262033    -1.28   0.199    -.0850344    .0177175
        250  |   -.051625   .0330604    -1.56   0.118    -.1164454    .0131954
        251  |    .024489   .0528668     0.46   0.643     -.079165    .1281429
        252  |   .0011194   .0254729     0.04   0.965    -.0488244    .0510631
        253  |  -.0179235   .0204056    -0.88   0.380     -.057932     .022085
        254  |          0  (omitted)
             |
  qdate#c.ma |
        248  |  -.1248749   .1277948    -0.98   0.329    -.3754375    .1256878
        249  |  -.0328508    .026037    -1.26   0.207    -.0839007     .018199
        250  |  -.0329197   .0387546    -0.85   0.396    -.1089044     .043065
        251  |  -.0038889   .0209346    -0.19   0.853    -.0449346    .0371568
        252  |    .035403   .0202739     1.75   0.081    -.0043473    .0751533
        253  |  -.0424078   .0213371    -1.99   0.047    -.0842426    -.000573
        254  |          0  (omitted)
             |
  qdate#c.ec |
        248  |   -.120352    .127347    -0.95   0.345    -.3700366    .1293326
        249  |  -.0195327   .0221441    -0.88   0.378    -.0629499    .0238844
        250  |  -.0585448   .0321718    -1.82   0.069    -.1216229    .0045334
        251  |   .0131402   .0268233     0.49   0.624    -.0394512    .0657316
        252  |   .0007119   .0163972     0.04   0.965    -.0314375    .0328613
        253  |  -.0200554   .0172946    -1.16   0.246    -.0539643    .0138535
        254  |          0  (omitted)
             |
  qdate#c.wc |
        248  |  -.0883359   .1270049    -0.70   0.487    -.3373497     .160678
        249  |    .014864    .021144     0.70   0.482    -.0265922    .0563203
        250  |  -.0370068   .0313859    -1.18   0.238     -.098544    .0245303
        251  |   .0263527    .015893     1.66   0.097     -.004808    .0575135
        252  |    .033471   .0146998     2.28   0.023     .0046497    .0622923
        253  |   .0016867   .0144419     0.12   0.907     -.026629    .0300025
        254  |          0  (omitted)
             |
  qdate#c.sa |
        248  |  -.1032341   .1272796    -0.81   0.417    -.3527866    .1463184
        249  |   .0078474    .021852     0.36   0.720     -.034997    .0506918
        250  |  -.0346504   .0327618    -1.06   0.290    -.0988854    .0295845
        251  |   .0421845   .0186255     2.26   0.024     .0056661    .0787028
        252  |   .0106418   .0155825     0.68   0.495    -.0199102    .0411938
        253  |  -.0036953   .0157436    -0.23   0.814    -.0345632    .0271727
        254  |          0  (omitted)
             |
  qdate#c.es |
        248  |  -.1132657   .1271217    -0.89   0.373    -.3625086    .1359772
        249  |   .0067325    .021517     0.31   0.754    -.0354552    .0489201
        250  |  -.0407855   .0325364    -1.25   0.210    -.1045785    .0230075
        251  |   .0244971   .0183102     1.34   0.181    -.0114032    .0603973
        252  |   .0192551   .0148039     1.30   0.193    -.0097704    .0482807
        253  |   -.013188    .015007    -0.88   0.380    -.0426116    .0162357
        254  |          0  (omitted)
             |
  qdate#c.ws |
        248  |  -.0843987   .1286735    -0.66   0.512    -.3366841    .1678868
        249  |   .0068752   .0209706     0.33   0.743    -.0342412    .0479915
        250  |  -.0354657   .0321737    -1.10   0.270    -.0985476    .0276162
        251  |   .0326059   .0166589     1.96   0.050    -.0000565    .0652684
        252  |   .0219163   .0143925     1.52   0.128    -.0063026    .0501352
        253  |   .0028322   .0155314     0.18   0.855    -.0276196    .0332841
        254  |          0  (omitted)
             |
  qdate#c.mt |
        248  |  -.1286876   .1286766    -1.00   0.317    -.3809792    .1236041
        249  |  -.0156997    .028543    -0.55   0.582    -.0716629    .0402635
        250  |  -.0557022   .0359548    -1.55   0.121    -.1261975    .0147931
        251  |  -.0266556   .0238847    -1.12   0.264    -.0734855    .0201743
        252  |  -.0197321   .0222052    -0.89   0.374     -.063269    .0238048
        253  |  -.0305921    .025047    -1.22   0.222    -.0797009    .0185168
        254  |          0  (omitted)
             |
       _cons |   .1437456   .1263768     1.14   0.255    -.1040369    .3915281
------------------------------------------------------------------------------

Absorbed degrees of freedom:
-----------------------------------------------------+
 Absorbed FE | Categories  - Redundant  = Num. Coefs |
-------------+---------------------------------------|
      bankid |      3391        3391           0    *|
-----------------------------------------------------+
* = FE nested within cluster; treated as redundant for DoF computation

. test zS_dffr zR_dffr zH_dffr

 ( 1)  zS_dffr = 0
 ( 2)  zR_dffr = 0
 ( 3)  zH_dffr = 0

       F(  3,  3390) =    1.86
            Prob > F =    0.1340

. 
. 
. reghdfe d_average_interest_bearing_depos ///
>         zS_dffr zR_dffr zH_dffr ///
>         i.qdate ///
>         c.ne#i.qdate c.ma#i.qdate c.ec#i.qdate c.wc#i.qdate ///
>         c.sa#i.qdate c.es#i.qdate c.ws#i.qdate c.mt#i.qdate ///
>         if sample_stage1 & is_commercial_bank == 1 & large_bank == 1, ///
>         absorb(bankid) ///
>         cluster(bankid)
(dropped 6 singleton observations)
(MWFE estimator converged in 1 iterations)
note: 254.qdate#c.ne omitted because of collinearity
note: 254.qdate#c.ma omitted because of collinearity
note: 254.qdate#c.ec omitted because of collinearity
note: 254.qdate#c.wc omitted because of collinearity
note: 254.qdate#c.sa omitted because of collinearity
note: 254.qdate#c.es omitted because of collinearity
note: 254.qdate#c.ws omitted because of collinearity
note: 254.qdate#c.mt omitted because of collinearity

HDFE Linear regression                            Number of obs   =      5,316
Absorbing 1 HDFE group                            F(  57,    782) =       3.72
Statistics robust to heteroskedasticity           Prob > F        =     0.0000
                                                  R-squared       =     0.3394
                                                  Adj R-squared   =     0.2156
                                                  Within R-sq.    =     0.0149
Number of clusters (bankid)  =        783         Root MSE        =     0.2373

                               (Std. err. adjusted for 783 clusters in bankid)
------------------------------------------------------------------------------
             |               Robust
d_average_~s | Coefficient  std. err.      t    P>|t|     [95% conf. interval]
-------------+----------------------------------------------------------------
     zS_dffr |  -.0008491    .005007    -0.17   0.865    -.0106778    .0089797
     zR_dffr |  -.8429231   .4819396    -1.75   0.081    -1.788972    .1031254
     zH_dffr |  -.0087313   .0056036    -1.56   0.120    -.0197312    .0022687
             |
       qdate |
        249  |   -.091649   .0348227    -2.63   0.009    -.1600061   -.0232918
        250  |   .0516711   .1171347     0.44   0.659    -.1782645    .2816067
        251  |  -.1335365   .0982184    -1.36   0.174    -.3263394    .0592665
        252  |  -.0371866   .0176942    -2.10   0.036    -.0719204   -.0024528
        253  |  -.0909608   .0884329    -1.03   0.304    -.2645548    .0826332
        254  |  -.0032222   .0133719    -0.24   0.810    -.0294711    .0230268
             |
  qdate#c.ne |
        248  |   .0321754   .0301801     1.07   0.287    -.0270682     .091419
        249  |   .0285769   .0201484     1.42   0.156    -.0109744    .0681281
        250  |  -.1182231   .1481815    -0.80   0.425    -.4091038    .1726577
        251  |   .1224537   .0758716     1.61   0.107    -.0264824    .2713897
        252  |   .0316471   .0169582     1.87   0.062    -.0016419    .0649361
        253  |   .0842393   .0878301     0.96   0.338    -.0881713      .25665
        254  |          0  (omitted)
             |
  qdate#c.ma |
        248  |   .0126877   .0338954     0.37   0.708    -.0538491    .0792246
        249  |  -.0087193   .0154171    -0.57   0.572    -.0389832    .0215445
        250  |  -.1439015   .1509672    -0.95   0.341    -.4402505    .1524475
        251  |   .0584305   .0730348     0.80   0.424     -.084937     .201798
        252  |   .0132627   .0173282     0.77   0.444    -.0207526     .047278
        253  |   .0709069   .0889725     0.80   0.426    -.1037464    .2455601
        254  |          0  (omitted)
             |
  qdate#c.ec |
        248  |  -.0153189   .0158912    -0.96   0.335    -.0465134    .0158756
        249  |   .0040127   .0121356     0.33   0.741    -.0198095    .0278349
        250  |  -.1229221   .1476719    -0.83   0.405    -.4128024    .1669583
        251  |   .0614992   .0719985     0.85   0.393    -.0798341    .2028325
        252  |   .0539996   .0272892     1.98   0.048     .0004308    .1075685
        253  |   .0815965   .0869456     0.94   0.348    -.0890778    .2522708
        254  |          0  (omitted)
             |
  qdate#c.wc |
        248  |  -.0246176   .0162813    -1.51   0.131    -.0565777    .0073426
        249  |   .0034218   .0138533     0.25   0.805    -.0237722    .0306157
        250  |  -.1176419   .1453741    -0.81   0.419    -.4030116    .1677279
        251  |   .0861396   .0751784     1.15   0.252    -.0614358     .233715
        252  |   .0318607   .0164107     1.94   0.053    -.0003536     .064075
        253  |   .0677799   .0871667     0.78   0.437    -.1033285    .2388882
        254  |          0  (omitted)
             |
  qdate#c.sa |
        248  |   .0229198   .0247393     0.93   0.354    -.0256434    .0714831
        249  |   .0295635   .0163799     1.80   0.071    -.0025903    .0617174
        250  |  -.1342122   .1494799    -0.90   0.370    -.4276416    .1592171
        251  |   .0829887   .0728324     1.14   0.255    -.0599815     .225959
        252  |   .0470837    .021069     2.23   0.026     .0057252    .0884421
        253  |   .1021861   .0883153     1.16   0.248     -.071177    .2755492
        254  |          0  (omitted)
             |
  qdate#c.es |
        248  |  -.0025605   .0177736    -0.14   0.885    -.0374502    .0323292
        249  |   .0010231   .0159099     0.06   0.949     -.030208    .0322542
        250  |   -.139573   .1425995    -0.98   0.328    -.4194961    .1403501
        251  |   .0820465   .0755365     1.09   0.278    -.0662317    .2303247
        252  |   .0120665   .0188808     0.64   0.523    -.0249966    .0491296
        253  |   .0653349    .086509     0.76   0.450    -.1044824    .2351523
        254  |          0  (omitted)
             |
  qdate#c.ws |
        248  |   .0012662   .0163597     0.08   0.938    -.0308479    .0333803
        249  |   .0133331   .0150129     0.89   0.375    -.0161373    .0428034
        250  |  -.1357771   .1446563    -0.94   0.348    -.4197377    .1481836
        251  |   .1005397    .075263     1.34   0.182    -.0472018    .2482812
        252  |   .0232484   .0156703     1.48   0.138    -.0075124    .0540092
        253  |   .0720642   .0874299     0.82   0.410     -.099561    .2436893
        254  |          0  (omitted)
             |
  qdate#c.mt |
        248  |   .0040937   .0208169     0.20   0.844    -.0367699    .0449574
        249  |   .0498125   .0202086     2.46   0.014      .010143    .0894821
        250  |  -.1181057   .1584121    -0.75   0.456     -.429069    .1928577
        251  |   .0907123   .0768257     1.18   0.238    -.0600968    .2415214
        252  |   .0123363    .019178     0.64   0.520    -.0253102    .0499827
        253  |   .0676421   .0921915     0.73   0.463      -.11333    .2486141
        254  |          0  (omitted)
             |
       _cons |   .0220327   .0141736     1.55   0.120    -.0057902    .0498555
------------------------------------------------------------------------------

Absorbed degrees of freedom:
-----------------------------------------------------+
 Absorbed FE | Categories  - Redundant  = Num. Coefs |
-------------+---------------------------------------|
      bankid |       783         783           0    *|
-----------------------------------------------------+
* = FE nested within cluster; treated as redundant for DoF computation

. test zS_dffr zR_dffr zH_dffr

 ( 1)  zS_dffr = 0
 ( 2)  zR_dffr = 0
 ( 3)  zH_dffr = 0

       F(  3,   782) =    1.24
            Prob > F =    0.2940

. 
. * Close results log
. log close stage1
      name:  stage1
       log:  C:\Users\CHENY\Documents\GitHub\thesis-bank/results/stage1_results.log
  log type:  text
 closed on:  21 Nov 2025, 20:23:39
-------------------------------------------------------------------------------------------
